# Simple 2-view bundle file
2 287
800 0.0 0.0
1.0 0.0 0.0 0.0 1.0 0.0 0.0 0.0 1.0
0.0 0.0 0.0
800 0.0 0.0
0.682491589472008 0.7280749717568091 -0.06412539123696007 -0.6616521291012212 0.578178849616236 -0.47741562386694725 -0.3105184219266104 0.3682608496131067 0.8763345572818866
-0.18809257698918325 -0.11564982319231477 0.9753185637919307
-17.450753094781664 -0.27988852173670753 37.24301335480437 255 255 255
-0.15304812518714378 -0.07620823013976673 0.34535478556191757 255 255 255
-0.1996651800452719 -0.05734786267796285 0.6928025794447286 255 255 255
-0.17112076391271527 -0.06793150718026957 0.6375293424851475 255 255 255
-1.344276048590575 -0.9501430183793036 4.216814482218777 255 255 255
-1.2821115033814112 -0.7275629952163024 4.383426352809068 255 255 255
-0.26061525959714155 -0.24906207426735225 0.8307300628028449 255 255 255
-0.3065956194203612 -0.24331071568366794 0.8002169089722414 255 255 255
-4.599825248251175 -2.874991060873682 14.996131563014677 255 255 255
-0.16199334502926693 -0.24098321670303458 0.6518569163975257 255 255 255
-7.817166050764212 -0.7768848263384068 18.561800992748534 255 255 255
-0.09477265764153522 -0.15500406882356108 0.43696178713717865 255 255 255
-0.3747113697008463 -0.40018446295793764 1.4118645845457725 255 255 255
-0.03768731198233542 -0.03839911906814675 0.12024490817856279 255 255 255
-0.21781679061690623 -0.17274518984518603 0.481322448285882 255 255 255
-0.21781679061690623 -0.17274518984518603 0.481322448285882 255 255 255
-0.22029406480074648 -0.29493028258732396 0.976158599419595 255 255 255
-0.14559281355938614 -0.06764354692304415 0.6011366943603148 255 255 255
0.025398477627923594 -0.03877795650855348 0.1521205465921264 255 255 255
-0.15438805246744866 -0.22738070607615538 0.652460772655712 255 255 255
-0.1876222019239162 -0.15293813046438173 0.41841263534258866 255 255 255
-0.0773345700693637 -0.034079824705549565 0.5394401028860405 255 255 255
-0.06631794298472639 -0.04234325059950517 0.5288127956246955 255 255 255
-0.26414215496028814 -0.23226983699151163 0.8695147375883443 255 255 255
-0.057717347163385294 -0.045351871017170184 0.5046320501211594 255 255 255
0.07621013100036239 -0.03520440277892914 0.07772121619921019 255 255 255
-0.17688140456312665 -0.0691770072804996 0.8124151493998489 255 255 255
-0.3963352215667578 -0.26112945145912697 1.5291137530252923 255 255 255
-0.11039425223197609 -0.019751530832335346 0.4015430529857348 255 255 255
-0.11227542388299681 -0.11404221327887633 0.15766176113440986 255 255 255
-0.08530051237049756 -0.26478564485501005 0.6098662901985995 255 255 255
-0.1197015029580714 -0.10903421831780725 0.23622144718872973 255 255 255
-0.07230354394713188 -0.26370910824879784 0.564532928266506 255 255 255
-0.03251883995835075 -0.018565804930505147 0.017344340603260643 255 255 255
-0.12168263650148987 -0.22363927563730215 0.6029674326297373 255 255 255
-0.10598694986936491 -0.0958760115136298 0.08968974489143211 255 255 255
-0.01705209699587372 -0.06403191710161746 0.6071892748460955 255 255 255
0.14622821117398097 -0.10025302362976171 0.13254327709539424 255 255 255
-0.0740046251360417 -0.08513318648374822 0.44539944120143854 255 255 255
-0.1979720314595654 -0.17342884936292777 0.5348138505963909 255 255 255
0.17842652987392021 -0.07336455107527709 0.012429868338906039 255 255 255
0.17842652987392021 -0.07336455107527709 0.012429868338906039 255 255 255
-0.3691865586165742 -0.35267016698056464 1.4987971305072247 255 255 255
-0.12746817610753497 0.23935974593444634 0.35661895696269724 255 255 255
0.15356819074105987 -0.09780502299066304 0.14167368908499717 255 255 255
0.15422054897578608 -0.09695852052321866 0.1456992274087331 255 255 255
-0.15869733389042787 0.32111959777157284 0.7708477924727704 255 255 255
0.13204380325808737 -0.0808536842068898 0.16145413993824656 255 255 255
-0.15847765603465067 -0.15930205853001908 0.5189897274271565 255 255 255
-0.14510923063652237 0.4514161418617094 0.8866933903816433 255 255 255
0.16324613462150128 -0.10024371185621597 0.15616695538565847 255 255 255
0.16324613462150128 -0.10024371185621597 0.15616695538565847 255 255 255
-0.026008012871854093 0.032773511391110996 0.28403636114492115 255 255 255
-0.06865645418059745 0.14666192882346643 0.327481438494687 255 255 255
-1.6346985960685412 -0.6067492901756505 8.398970931671256 255 255 255
-0.04686631368823457 -0.08636865676406807 0.16109685676007243 255 255 255
0.012491166163923192 0.008562356513348001 0.06980602296373657 255 255 255
-0.8937157389132018 0.4218513287856869 6.404874362850899 255 255 255
-0.1101249172500151 -0.010988043402573146 0.9586312590083363 255 255 255
-0.6475681039018206 -0.16960099390170533 3.5664097867961337 255 255 255
-0.0970610670961373 -0.22174691313063719 1.6971346283071416 255 255 255
-1.0547159959745351 -0.30744105177333053 8.540102053660396 255 255 255
0.02878921809585645 -0.2325054590921567 0.6253048801505772 255 255 255
-0.027730866808708024 0.11210242536916061 0.11430931921870931 255 255 255
-0.17747078576837458 -0.05240993028513213 1.9245494731852015 255 255 255
-0.023011767485403734 0.1130955825260965 0.11765994453843942 255 255 255
-0.016775807671877297 -0.023833077249215448 0.11278185120371689 255 255 255
-0.12457776834561521 -0.2106279455310065 0.4776045757044451 255 255 255
0.13231624495323072 -0.020855976671514738 0.12042479907753363 255 255 255
-0.14631321124813196 -0.35378773694381077 0.8655625715150304 255 255 255
-2.178036176015297 -2.369841641472144 13.502870067315163 255 255 255
-0.209224863325116 -0.3810359357512212 5.533258085580632 255 255 255
0.14104394573136228 -0.022698365308460113 0.13632641849987584 255 255 255
0.17550963291279104 -0.06777275381998951 0.16742427098598772 255 255 255
0.11117401437897916 0.009669869198945287 0.027945455718068883 255 255 255
-0.06769061549607841 -0.1290512845647915 0.6796961417815209 255 255 255
0.18486870326436647 -0.08033380681293248 0.17744086609655554 255 255 255
-0.09451467743259909 -0.1067466062335004 3.409021858240706 255 255 255
-0.15463889856065166 -0.3338334192008158 1.0530682956091522 255 255 255
0.028775186692319123 -0.08626429631073249 2.701047955678688 255 255 255
-0.011203812244511696 0.022638829560711185 0.011785179387230968 255 255 255
0.12704241468213257 0.02622886380062632 0.007361128187596437 255 255 255
0.1219501742800305 0.027137002934319178 0.07155244735072296 255 255 255
0.12736154092657603 0.028212470403612626 0.006719085534203333 255 255 255
0.12736154092657603 0.028212470403612626 0.006719085534203333 255 255 255
0.12087009278080227 0.03162644894732671 0.08515396954864352 255 255 255
0.11572894331366711 0.032721309150389274 0.1545279896404183 255 255 255
0.037760463067488904 0.013399248047477144 0.026446485278071103 255 255 255
0.12346292461210856 0.026799696758770915 0.15769025486471705 255 255 255
0.1151349274739424 0.037900507372500905 0.16526033868771048 255 255 255
0.1151349274739424 0.037900507372500905 0.16526033868771048 255 255 255
0.10965383861429508 0.04495581345347978 0.24047567598641678 255 255 255
0.15637731013790693 -0.014087018713037159 0.17149834455455118 255 255 255
0.10925930776681327 0.04973005024745675 0.25576282309741843 255 255 255
0.11138652738068464 0.04639671759516821 0.1781024597066742 255 255 255
0.11524089777159134 0.04139018055063863 0.17441415333573224 255 255 255
-0.008569342734971563 0.03142723634601413 0.00011588137301693683 255 255 255
0.1548422397041539 -0.0074624285958358955 0.17295300143379108 255 255 255
-0.007956686528005972 -0.04982197336118062 0.23856650768302856 255 255 255
0.14404431412204044 0.01785974704077228 0.17847035086887353 255 255 255
0.1305986989879536 0.04273636927004546 0.2026741418416541 255 255 255
0.013373191198778273 0.05464485737930684 0.6404694982701346 255 255 255
0.14435009231039567 0.028838604766039097 0.20892143018583836 255 255 255
-0.0047573763594407886 -0.025846080582812854 0.08245229703981677 255 255 255
0.01107690427031651 -0.015345629995604524 0.0467300163580296 255 255 255
0.11339407150828378 -0.13837738878004352 1.5870182758871105 255 255 255
-0.03993072648145312 -0.07043825619090367 0.045066464052282304 255 255 255
0.1438125080380639 0.03260638306625438 0.19776348804605515 255 255 255
0.1438125080380639 0.03260638306625438 0.19776348804605515 255 255 255
0.034261310449944696 -0.11382224780803951 0.013081961193451546 255 255 255
0.029115907558056826 -0.11425310525063763 0.050121007504065354 255 255 255
0.01615876822257897 0.20136195138894505 0.7625567080532979 255 255 255
-0.008457045244892256 0.10299583960965887 0.15411559297443503 255 255 255
0.18088568213282682 0.016209783920361556 0.09387201434122903 255 255 255
0.011432929141635798 -0.04487456377547108 0.1990624224369596 255 255 255
0.15547040383459793 0.029745660207223832 0.20524310351880606 255 255 255
-0.01199970727180533 -0.054370695613240455 0.09065856982511386 255 255 255
0.02188493881419241 0.14144260558723715 0.18834281225519764 255 255 255
0.15821556102635773 0.03622614367716406 0.21737422505863568 255 255 255
0.18405282619909194 0.0005072397931238237 0.21549454412126734 255 255 255
0.1671624756411778 0.023615039898814926 0.2083998836755019 255 255 255
0.17682910291328008 0.03293851595786373 0.009383625198226473 255 255 255
0.17648483524335387 0.011348387537276914 0.2173228856283194 255 255 255
0.13533873436921465 -0.03485381781456934 0.45533737436051647 255 255 255
0.20334010539942782 -0.02028110914696427 0.22343514414150323 255 255 255
0.18353783584054312 0.006894721403219997 0.2221092398273356 255 255 255
0.19561196082149143 0.019137362602772594 0.045759140942670085 255 255 255
0.20867738603725935 -0.027978027840860765 0.2295825827121742 255 255 255
0.20345362069382092 -0.02044167655412623 0.22477795690197006 255 255 255
0.03902294323231572 -0.08810485616211902 0.20972216700750101 255 255 255
0.009182378064151304 0.254789064792611 0.49801275963942604 255 255 255
0.04365273621947809 -0.008425875804646852 0.11035794162339733 255 255 255
-0.007527496093798726 -0.20449123965512683 0.3637333034341103 255 255 255
0.2403722397500805 -0.0698045852454162 0.2470040497555425 255 255 255
0.19041240962573472 0.002104080730608299 0.22361530093991014 255 255 255
0.1778984877756274 0.03578746261261806 0.08536347852637399 255 255 255
0.21736459095919017 -0.005196630470205451 0.08531024264762345 255 255 255
0.21844562516499566 -0.005557584433206914 0.11054432731842874 255 255 255
0.2185183959150547 -0.00563905223037139 0.11191721138236521 255 255 255
0.15051160181964646 0.060278044824966535 0.23079493974686605 255 255 255
0.2520354888560242 -0.045854986764255375 0.15741668457812183 255 255 255
0.18842141224023365 0.010235952884198542 0.227930161453513 255 255 255
0.006302351587574438 0.06140409934940339 0.07900258180243475 255 255 255
0.12543894357363075 -0.107187141752045 0.5302484753917319 255 255 255
-0.013378699955280493 -0.13393646454907884 0.3143872794963008 255 255 255
0.20083170276223292 0.012543002180479823 0.15837570167155526 255 255 255
0.152554882526455 -0.033746532287714535 0.4462383537455419 255 255 255
0.15245676430770522 0.06694207243803911 0.25513465958314757 255 255 255
0.16077238513344488 -0.059517558384219835 0.4581721381030448 255 255 255
0.2602564186472335 -0.08217867088870223 0.26403907787216274 255 255 255
0.15430160196433557 0.07267191636474128 0.2511798427687705 255 255 255
0.19672138181663973 0.013834656757851426 0.2378112195215308 255 255 255
0.2016836655100779 0.007180108706923563 0.23869935109289675 255 255 255
0.16672492807284225 0.06005574857125128 0.25369174076245987 255 255 255
0.16672492807284225 0.06005574857125128 0.25369174076245987 255 255 255
0.1325052543562416 0.26696818205224865 0.645294510372931 255 255 255
0.20057437927463576 0.014554500482795852 0.24281218855682463 255 255 255
0.35353552134960664 1.2475684779584455 2.9198566784425752 255 255 255
0.15619145447610833 0.07044739744318373 0.3041059896339714 255 255 255
0.16265846660142189 0.07487251577538646 0.2577880523951346 255 255 255
0.2068530858491911 0.01065138927259122 0.24499311254153588 255 255 255
0.16363736096746456 -0.022370384255096108 0.43797698243286076 255 255 255
0.17833101000388585 0.05281984007710442 0.2598881172557248 255 255 255
0.26363326012799254 -0.07053544804183653 0.2654323969406428 255 255 255
0.26044352545361693 -0.06383398185923378 0.2652575269582466 255 255 255
0.1900918765453982 0.03915270444581623 0.250527860545711 255 255 255
0.03668150527774543 -0.0006298659113780307 0.12331902629328322 255 255 255
0.1996013575661164 0.025758671033662518 0.248937864712673 255 255 255
2.6309448852296926 2.2475350598987864 25.024687600362725 255 255 255
0.22660338223202553 -0.015163824587773236 0.20564295317493253 255 255 255
0.2055409318462498 0.01864535514496176 0.25087407231133557 255 255 255
0.20668253778025447 0.016874742382326433 0.24666258136955274 255 255 255
0.20668253778025447 0.016874742382326433 0.24666258136955274 255 255 255
0.06402059671830804 0.0823733175234469 0.4354637552037601 255 255 255
0.24835854288638107 0.009247953462910125 0.035402980092199825 255 255 255
0.20802601794533382 0.018817484685825725 0.24160701090038272 255 255 255
0.0690213087081592 -0.032491840128229914 0.27527773001057815 255 255 255
0.20872683824989138 0.01928785784278586 0.2537637704553368 255 255 255
-0.006699881882627222 -0.14277563812219096 0.09154698861981658 255 255 255
0.15312504090183807 -0.02922467943983735 0.4852639431243602 255 255 255
0.21381325117237304 0.012257522753437475 0.252403659582871 255 255 255
0.2722291556152467 -0.07343213173460425 0.2736266063521055 255 255 255
0.23304497865437585 -0.011762801778438142 0.2578099694497034 255 255 255
0.205266815518981 0.028611253782267542 0.253201055444471 255 255 255
0.5503284991661193 0.9617166064601893 4.345001540583466 255 255 255
0.18985039080323027 0.05420648316255444 0.26654307422738865 255 255 255
0.17382888383136763 0.07850849363444072 0.26324079251799215 255 255 255
0.2020423583950274 0.039262620266935486 0.25850014380989167 255 255 255
0.209699118499294 0.028430694320656542 0.25891710638851273 255 255 255
0.20342692674301152 0.04359288923820184 0.26470961526231856 255 255 255
0.2171836606008006 0.023552276730178165 0.26409008416460034 255 255 255
0.3191061641077968 0.572020962830509 1.6393621115041113 255 255 255
0.033499719231502606 -0.039402894029275576 0.150517275897464 255 255 255
0.2037986699576464 0.0041975143600858095 0.33473150022985604 255 255 255
0.03723598350714141 -0.0364936851681036 0.11827455792905217 255 255 255
0.14453473636832423 0.776748379064555 1.387188345540936 255 255 255
0.033335308394824535 0.21158809954943772 0.3342767990451253 255 255 255
0.07739995177724969 0.06220842392596101 0.3470268383874747 255 255 255
0.2038482700234691 0.35636330588165493 1.1853005253360265 255 255 255
0.02656400131023194 -0.08903886418842746 0.03272092493663779 255 255 255
0.034139759784434544 -0.11349981556767572 0.03638438835625378 255 255 255
0.26492783759108346 0.23160284327451638 1.1028103970233623 255 255 255
0.5913851852816526 0.8687465787247572 3.204953949976133 255 255 255
0.05685592504249458 -0.1281788779670154 0.40661744609706874 255 255 255
0.05442027183091471 0.20930712245842356 0.3624342317836668 255 255 255
1.2473261124906254 2.3068195667581524 8.28522636713813 255 255 255
0.038190391585541654 -0.13961730172713321 0.002083345123973486 255 255 255
0.44315920353842936 3.2136700724303835 6.356383315501467 255 255 255
0.18510175122302788 0.18795529297452782 0.775087935329064 255 255 255
0.13466586132092395 -0.001072309648203429 0.30049925928039667 255 255 255
0.04650342189805465 -0.11590861729376102 0.11808227503406298 255 255 255
0.08915229705243478 -0.06271232094212592 0.07276657531653617 255 255 255
0.06850546558647157 -0.12955188651834904 0.10944426473844812 255 255 255
0.10652600308607844 -0.034816283567801094 0.440050157551799 255 255 255
0.2565682236135604 0.036521836566078214 0.2909204450504763 255 255 255
0.1159058894776814 0.09319107008710287 0.48390682458686446 255 255 255
0.11931492413570134 0.1451975010903604 0.5392087955347356 255 255 255
0.11632254369724573 0.08537435074633705 0.32811474905299626 255 255 255
0.0974046296815898 -0.07471321732918434 0.2763767386458686 255 255 255
0.2743760548920319 0.03085556220140159 0.4497667163251396 255 255 255
0.35807319219623013 0.5609148507632459 1.14903014705647 255 255 255
0.026065355953606206 0.010282107139064163 0.0831781902064882 255 255 255
0.06779104404807558 -0.15294518344280064 0.3802923212257073 255 255 255
0.025481253959884993 0.08717635693128138 0.1380801502209355 255 255 255
0.5420376816624598 -0.0016207721165967578 1.7749370812828362 255 255 255
0.5250138237638883 0.6753310746324814 2.1696696301666423 255 255 255
0.19843977838560753 0.06531974569671918 0.7441334678372916 255 255 255
0.012114404839953755 0.08437646797199633 0.04266560759245433 255 255 255
0.4644887733055437 0.25139054829827356 1.719051565957314 255 255 255
0.7278306752320635 0.3065846205715202 2.69560014225629 255 255 255
0.07648610956869635 0.2266848401911117 0.14572833256661427 255 255 255
0.25082441433766156 0.27221380805481826 0.6089742848357961 255 255 255
0.22220229750155243 0.19836173713955912 0.3172906680125182 255 255 255
0.03930946320024129 0.1303455210614345 0.15243585023520093 255 255 255
0.3494409933324107 0.24120000076712458 1.097187350129475 255 255 255
0.1352701364429522 -0.12334350184318993 0.5244122310962647 255 255 255
0.3110769871844451 0.21137146199761805 0.5895482214309615 255 255 255
0.12103823546692083 -0.054221385792195945 0.41190143741153207 255 255 255
0.3673590539343045 0.3469920001726763 0.8291601560128489 255 255 255
0.12067687813984462 -0.00892066606594713 0.30698675541344156 255 255 255
2.1753241725434562 21.03410179210868 27.845480915306286 255 255 255
0.5109066716558012 0.7118477485153818 1.7604969740513128 255 255 255
0.5109066716558012 0.7118477485153818 1.7604969740513128 255 255 255
0.1591364038426928 0.0399756115690683 0.3192666967849964 255 255 255
0.13063681220352746 -0.02112626655126639 0.30814717095101823 255 255 255
0.3995795085136526 0.21756873988107256 1.1028910105256382 255 255 255
0.2505517205637833 -0.009810859603628281 0.48000788945919814 255 255 255
1.514215892950098 2.5358714636328505 6.28042454781899 255 255 255
0.29723018714250027 0.055314919837198176 0.6238152300280072 255 255 255
0.11866585149894728 -0.15403134165313992 0.08667616072576168 255 255 255
0.13113769754117544 0.10260765429526707 0.060401006053441286 255 255 255
0.45906461286689926 -0.05844184600989321 1.0380510967397585 255 255 255
1.0533663988735953 0.48724953284465017 2.8700911815388968 255 255 255
0.07736492655528229 -0.007224769716957383 0.22787583801067737 255 255 255
0.08350201253920504 0.3534941648987435 0.2815613953766163 255 255 255
0.33023218881913785 -0.08940246591214032 0.7101169775130425 255 255 255
0.37875812540909937 0.45798831414156044 0.8997365526504179 255 255 255
0.26635722575181137 0.14100122865761203 0.13045395263952772 255 255 255
0.2624168365468987 0.16199580349724063 0.13526291905362361 255 255 255
0.2607121896464811 -0.12977608242627417 0.6642904735656652 255 255 255
0.036517931035723934 -0.011066896898790781 0.10311574704383798 255 255 255
0.1256827423005856 -0.03903179238758531 0.2768464091752921 255 255 255
0.14095591666220803 0.13682942840242274 0.06484942320473872 255 255 255
0.1283878028482761 0.06805380970072443 0.22020561930225957 255 255 255
0.05298611645440742 -0.06632691789244477 0.1776432866760182 255 255 255
0.3048304538086674 0.15370568471799725 0.5022347766510377 255 255 255
0.501778461901359 0.4430135974927338 1.02713042824191 255 255 255
0.09691177835049439 0.06483426527936677 0.22866991145766927 255 255 255
0.04863657255337065 -0.17917133300313742 0.1963498853442471 255 255 255
0.49540753281457384 0.40026087559290646 0.9953456998840531 255 255 255
0.19329324773633677 0.08101911764313904 0.5040664395676249 255 255 255
0.08620528688505108 -0.15627080614174826 0.29961474908804103 255 255 255
0.14140679618583182 -0.03494880294390817 0.11646541561796644 255 255 255
0.20284509862376393 0.784708864736328 0.8653530023541065 255 255 255
0.04470577621479585 0.014041340739589648 0.10918609388207637 255 255 255
0.2047533584565889 0.1480240828200788 0.2595143222679612 255 255 255
0.3240501881142126 0.2941028175906773 0.6291932785586131 255 255 255
0.45758978700644426 0.3082411758448874 1.096347143491352 255 255 255
0.02769844279376479 -0.150047654742183 0.1045513912124972 255 255 255
0.1279139899150689 -0.05800198666491659 0.12140641108445267 255 255 255
0.0651556161598879 -0.0938193012692184 0.2069338582199617 255 255 255
0.18995852245547604 0.32696108302489224 0.5181549825557452 255 255 255
0.4046327119347473 0.4302909760111091 0.8782790430415006 255 255 255
0.04184842481880274 0.022754938855842486 0.04300481414396596 255 255 255
0.05752699423851167 -0.11530361479615149 0.0970640093638422 255 255 255
0.060085390185660566 -0.17214797768388726 0.21092277716617008 255 255 255
0.19073335462351515 0.17024902478258272 0.15836870411002962 255 255 255
